<?xml version="1.0" encoding="UTF-8"?>
<!-- Generated by org.testng.reporters.JUnitReportReporter -->
<testsuite skipped="0" hostname="hp" name="automation.Screenshot" tests="1" failures="0" timestamp="20 Jun 2019 18:38:40 GMT" time="37.940" errors="0">
  <testcase name="testGuru99TakeScreenShot" time="37.940" classname="automation.Screenshot"/>
</testsuite> <!-- automation.Screenshot -->
